2021-07-11 11:49:22,805 DEBUG    root            Loaded Command Group: ['gcloud', 'components']
2021-07-11 11:49:22,807 DEBUG    root            Loaded Command Group: ['gcloud', 'components', 'update']
2021-07-11 11:49:22,808 DEBUG    root            Running [gcloud.components.update] with arguments: [--allow-no-backup: "True", --quiet: "True", COMPONENT-IDS:6: "['core', 'gcloud-deps', 'bq', 'gcloud', 'gsutil', 'anthoscli']"]
2021-07-11 11:49:22,808 INFO     ___FILE_ONLY___ Beginning update. This process may take several minutes.

2021-07-11 11:49:22,854 DEBUG    urllib3.connectionpool Starting new HTTPS connection (1): dl.google.com:443
2021-07-11 11:49:23,289 DEBUG    urllib3.connectionpool https://dl.google.com:443 "GET /dl/cloudsdk/channels/rapid/components-2.json HTTP/1.1" 200 153360
2021-07-11 11:49:23,429 INFO     ___FILE_ONLY___ 

2021-07-11 11:49:23,429 INFO     ___FILE_ONLY___ 
Your current Cloud SDK version is: 347.0.0

2021-07-11 11:49:23,429 INFO     ___FILE_ONLY___ Installing components from version: 347.0.0

2021-07-11 11:49:23,430 INFO     ___FILE_ONLY___ 

2021-07-11 11:49:23,436 INFO     ___FILE_ONLY___ ┌─────────────────────────────────────────────────────────────────────────────┐
2021-07-11 11:49:23,436 INFO     ___FILE_ONLY___ 

2021-07-11 11:49:23,436 INFO     ___FILE_ONLY___ │                     These components will be installed.                     │
2021-07-11 11:49:23,436 INFO     ___FILE_ONLY___ 

2021-07-11 11:49:23,436 INFO     ___FILE_ONLY___ ├─────────────────────────────────────────────────────┬────────────┬──────────┤
2021-07-11 11:49:23,436 INFO     ___FILE_ONLY___ 

2021-07-11 11:49:23,436 INFO     ___FILE_ONLY___ │                         Name                        │  Version   │   Size   │
2021-07-11 11:49:23,436 INFO     ___FILE_ONLY___ 

2021-07-11 11:49:23,436 INFO     ___FILE_ONLY___ ├─────────────────────────────────────────────────────┼────────────┼──────────┤
2021-07-11 11:49:23,436 INFO     ___FILE_ONLY___ 

2021-07-11 11:49:23,436 INFO     ___FILE_ONLY___ │ 
2021-07-11 11:49:23,436 INFO     ___FILE_ONLY___ BigQuery Command Line Tool                         
2021-07-11 11:49:23,436 INFO     ___FILE_ONLY___  
2021-07-11 11:49:23,436 INFO     ___FILE_ONLY___ │ 
2021-07-11 11:49:23,436 INFO     ___FILE_ONLY___     2.0.69
2021-07-11 11:49:23,436 INFO     ___FILE_ONLY___  
2021-07-11 11:49:23,437 INFO     ___FILE_ONLY___ │ 
2021-07-11 11:49:23,437 INFO     ___FILE_ONLY___  < 1 MiB
2021-07-11 11:49:23,437 INFO     ___FILE_ONLY___  
2021-07-11 11:49:23,437 INFO     ___FILE_ONLY___ │
2021-07-11 11:49:23,437 INFO     ___FILE_ONLY___ 

2021-07-11 11:49:23,437 INFO     ___FILE_ONLY___ │ 
2021-07-11 11:49:23,437 INFO     ___FILE_ONLY___ BigQuery Command Line Tool (Platform Specific)     
2021-07-11 11:49:23,437 INFO     ___FILE_ONLY___  
2021-07-11 11:49:23,437 INFO     ___FILE_ONLY___ │ 
2021-07-11 11:49:23,437 INFO     ___FILE_ONLY___     2.0.69
2021-07-11 11:49:23,437 INFO     ___FILE_ONLY___  
2021-07-11 11:49:23,437 INFO     ___FILE_ONLY___ │ 
2021-07-11 11:49:23,437 INFO     ___FILE_ONLY___  < 1 MiB
2021-07-11 11:49:23,437 INFO     ___FILE_ONLY___  
2021-07-11 11:49:23,437 INFO     ___FILE_ONLY___ │
2021-07-11 11:49:23,437 INFO     ___FILE_ONLY___ 

2021-07-11 11:49:23,437 INFO     ___FILE_ONLY___ │ 
2021-07-11 11:49:23,437 INFO     ___FILE_ONLY___ Cloud SDK Core Libraries (Platform Specific)       
2021-07-11 11:49:23,438 INFO     ___FILE_ONLY___  
2021-07-11 11:49:23,438 INFO     ___FILE_ONLY___ │ 
2021-07-11 11:49:23,438 INFO     ___FILE_ONLY___ 2021.06.18
2021-07-11 11:49:23,438 INFO     ___FILE_ONLY___  
2021-07-11 11:49:23,438 INFO     ___FILE_ONLY___ │ 
2021-07-11 11:49:23,438 INFO     ___FILE_ONLY___  < 1 MiB
2021-07-11 11:49:23,438 INFO     ___FILE_ONLY___  
2021-07-11 11:49:23,438 INFO     ___FILE_ONLY___ │
2021-07-11 11:49:23,438 INFO     ___FILE_ONLY___ 

2021-07-11 11:49:23,438 INFO     ___FILE_ONLY___ │ 
2021-07-11 11:49:23,438 INFO     ___FILE_ONLY___ Cloud Storage Command Line Tool                    
2021-07-11 11:49:23,438 INFO     ___FILE_ONLY___  
2021-07-11 11:49:23,438 INFO     ___FILE_ONLY___ │ 
2021-07-11 11:49:23,438 INFO     ___FILE_ONLY___       4.64
2021-07-11 11:49:23,438 INFO     ___FILE_ONLY___  
2021-07-11 11:49:23,438 INFO     ___FILE_ONLY___ │ 
2021-07-11 11:49:23,438 INFO     ___FILE_ONLY___  3.9 MiB
2021-07-11 11:49:23,438 INFO     ___FILE_ONLY___  
2021-07-11 11:49:23,438 INFO     ___FILE_ONLY___ │
2021-07-11 11:49:23,439 INFO     ___FILE_ONLY___ 

2021-07-11 11:49:23,439 INFO     ___FILE_ONLY___ │ 
2021-07-11 11:49:23,439 INFO     ___FILE_ONLY___ Cloud Storage Command Line Tool (Platform Specific)
2021-07-11 11:49:23,439 INFO     ___FILE_ONLY___  
2021-07-11 11:49:23,439 INFO     ___FILE_ONLY___ │ 
2021-07-11 11:49:23,439 INFO     ___FILE_ONLY___       4.63
2021-07-11 11:49:23,439 INFO     ___FILE_ONLY___  
2021-07-11 11:49:23,439 INFO     ___FILE_ONLY___ │ 
2021-07-11 11:49:23,439 INFO     ___FILE_ONLY___  < 1 MiB
2021-07-11 11:49:23,439 INFO     ___FILE_ONLY___  
2021-07-11 11:49:23,439 INFO     ___FILE_ONLY___ │
2021-07-11 11:49:23,439 INFO     ___FILE_ONLY___ 

2021-07-11 11:49:23,439 INFO     ___FILE_ONLY___ │ 
2021-07-11 11:49:23,439 INFO     ___FILE_ONLY___ anthoscli                                          
2021-07-11 11:49:23,439 INFO     ___FILE_ONLY___  
2021-07-11 11:49:23,439 INFO     ___FILE_ONLY___ │ 
2021-07-11 11:49:23,439 INFO     ___FILE_ONLY___     0.2.17
2021-07-11 11:49:23,439 INFO     ___FILE_ONLY___  
2021-07-11 11:49:23,439 INFO     ___FILE_ONLY___ │ 
2021-07-11 11:49:23,439 INFO     ___FILE_ONLY___ 47.4 MiB
2021-07-11 11:49:23,440 INFO     ___FILE_ONLY___  
2021-07-11 11:49:23,440 INFO     ___FILE_ONLY___ │
2021-07-11 11:49:23,440 INFO     ___FILE_ONLY___ 

2021-07-11 11:49:23,440 INFO     ___FILE_ONLY___ │ 
2021-07-11 11:49:23,440 INFO     ___FILE_ONLY___ gcloud cli dependencies                            
2021-07-11 11:49:23,440 INFO     ___FILE_ONLY___  
2021-07-11 11:49:23,440 INFO     ___FILE_ONLY___ │ 
2021-07-11 11:49:23,440 INFO     ___FILE_ONLY___ 2021.04.16
2021-07-11 11:49:23,440 INFO     ___FILE_ONLY___  
2021-07-11 11:49:23,440 INFO     ___FILE_ONLY___ │ 
2021-07-11 11:49:23,440 INFO     ___FILE_ONLY___  < 1 MiB
2021-07-11 11:49:23,440 INFO     ___FILE_ONLY___  
2021-07-11 11:49:23,440 INFO     ___FILE_ONLY___ │
2021-07-11 11:49:23,440 INFO     ___FILE_ONLY___ 

2021-07-11 11:49:23,440 INFO     ___FILE_ONLY___ └─────────────────────────────────────────────────────┴────────────┴──────────┘
2021-07-11 11:49:23,440 INFO     ___FILE_ONLY___ 

2021-07-11 11:49:23,440 INFO     ___FILE_ONLY___ 

2021-07-11 11:49:23,443 DEBUG    urllib3.connectionpool Starting new HTTPS connection (1): dl.google.com:443
2021-07-11 11:49:23,974 DEBUG    urllib3.connectionpool https://dl.google.com:443 "GET /dl/cloudsdk/channels/rapid/RELEASE_NOTES HTTP/1.1" 200 663923
2021-07-11 11:49:24,229 INFO     ___FILE_ONLY___ For the latest full release notes, please visit:
  https://cloud.google.com/sdk/release_notes


2021-07-11 11:49:24,230 INFO     ___FILE_ONLY___ ╔════════════════════════════════════════════════════════════╗

2021-07-11 11:49:24,230 INFO     ___FILE_ONLY___ ╠═ Creating update staging area                             ═╣

2021-07-11 11:49:24,230 INFO     ___FILE_ONLY___ ╚
2021-07-11 11:49:24,230 INFO     ___FILE_ONLY___ ══════
2021-07-11 11:49:24,233 INFO     ___FILE_ONLY___ ══════
2021-07-11 11:49:24,233 INFO     ___FILE_ONLY___ ══════
2021-07-11 11:49:24,348 INFO     ___FILE_ONLY___ ═
2021-07-11 11:49:24,468 INFO     ___FILE_ONLY___ ═
2021-07-11 11:49:24,516 INFO     ___FILE_ONLY___ ═
2021-07-11 11:49:24,572 INFO     ___FILE_ONLY___ ═
2021-07-11 11:49:24,608 INFO     ___FILE_ONLY___ ═
2021-07-11 11:49:24,649 INFO     ___FILE_ONLY___ ═
2021-07-11 11:49:24,697 INFO     ___FILE_ONLY___ ═
2021-07-11 11:49:24,753 INFO     ___FILE_ONLY___ ═
2021-07-11 11:49:24,792 INFO     ___FILE_ONLY___ ═
2021-07-11 11:49:24,829 INFO     ___FILE_ONLY___ ═
2021-07-11 11:49:24,869 INFO     ___FILE_ONLY___ ═
2021-07-11 11:49:24,911 INFO     ___FILE_ONLY___ ═
2021-07-11 11:49:24,955 INFO     ___FILE_ONLY___ ═
2021-07-11 11:49:24,992 INFO     ___FILE_ONLY___ ═
2021-07-11 11:49:25,034 INFO     ___FILE_ONLY___ ═
2021-07-11 11:49:25,075 INFO     ___FILE_ONLY___ ═
2021-07-11 11:49:25,119 INFO     ___FILE_ONLY___ ═
2021-07-11 11:49:25,165 INFO     ___FILE_ONLY___ ═
2021-07-11 11:49:25,229 INFO     ___FILE_ONLY___ ═
2021-07-11 11:49:25,285 INFO     ___FILE_ONLY___ ═
2021-07-11 11:49:25,334 INFO     ___FILE_ONLY___ ═
2021-07-11 11:49:25,394 INFO     ___FILE_ONLY___ ═
2021-07-11 11:49:25,449 INFO     ___FILE_ONLY___ ═
2021-07-11 11:49:25,505 INFO     ___FILE_ONLY___ ═
2021-07-11 11:49:25,576 INFO     ___FILE_ONLY___ ═
2021-07-11 11:49:25,673 INFO     ___FILE_ONLY___ ═
2021-07-11 11:49:25,728 INFO     ___FILE_ONLY___ ═
2021-07-11 11:49:25,778 INFO     ___FILE_ONLY___ ═
2021-07-11 11:49:25,833 INFO     ___FILE_ONLY___ ═
2021-07-11 11:49:25,893 INFO     ___FILE_ONLY___ ═
2021-07-11 11:49:26,001 INFO     ___FILE_ONLY___ ═
2021-07-11 11:49:26,061 INFO     ___FILE_ONLY___ ═
2021-07-11 11:49:26,154 INFO     ___FILE_ONLY___ ═
2021-07-11 11:49:26,297 INFO     ___FILE_ONLY___ ═
2021-07-11 11:49:26,330 INFO     ___FILE_ONLY___ ═
2021-07-11 11:49:26,367 INFO     ___FILE_ONLY___ ═
2021-07-11 11:49:26,397 INFO     ___FILE_ONLY___ ═
2021-07-11 11:49:26,425 INFO     ___FILE_ONLY___ ═
2021-07-11 11:49:26,452 INFO     ___FILE_ONLY___ ═
2021-07-11 11:49:26,481 INFO     ___FILE_ONLY___ ═
2021-07-11 11:49:26,514 INFO     ___FILE_ONLY___ ═
2021-07-11 11:49:26,599 INFO     ___FILE_ONLY___ ═
2021-07-11 11:49:26,599 INFO     ___FILE_ONLY___ ╝

2021-07-11 11:49:26,903 INFO     ___FILE_ONLY___ ╔════════════════════════════════════════════════════════════╗

2021-07-11 11:49:26,903 INFO     ___FILE_ONLY___ ╠═ Installing: BigQuery Command Line Tool                   ═╣

2021-07-11 11:49:26,903 INFO     ___FILE_ONLY___ ╚
2021-07-11 11:49:26,905 DEBUG    urllib3.connectionpool Starting new HTTPS connection (1): dl.google.com:443
2021-07-11 11:49:27,161 DEBUG    urllib3.connectionpool https://dl.google.com:443 "GET /dl/cloudsdk/channels/rapid/components/google-cloud-sdk-bq-20210527191614.tar.gz HTTP/1.1" 200 985809
2021-07-11 11:49:27,415 INFO     ___FILE_ONLY___ ═
2021-07-11 11:49:27,415 INFO     ___FILE_ONLY___ ═
2021-07-11 11:49:27,416 INFO     ___FILE_ONLY___ ═
2021-07-11 11:49:27,416 INFO     ___FILE_ONLY___ ═
2021-07-11 11:49:27,416 INFO     ___FILE_ONLY___ ═
2021-07-11 11:49:27,417 INFO     ___FILE_ONLY___ ═
2021-07-11 11:49:27,417 INFO     ___FILE_ONLY___ ═
2021-07-11 11:49:27,417 INFO     ___FILE_ONLY___ ═
2021-07-11 11:49:27,418 INFO     ___FILE_ONLY___ ═
2021-07-11 11:49:27,418 INFO     ___FILE_ONLY___ ═
2021-07-11 11:49:27,418 INFO     ___FILE_ONLY___ ═
2021-07-11 11:49:27,418 INFO     ___FILE_ONLY___ ═
2021-07-11 11:49:27,418 INFO     ___FILE_ONLY___ ═
2021-07-11 11:49:27,419 INFO     ___FILE_ONLY___ ═
2021-07-11 11:49:27,419 INFO     ___FILE_ONLY___ ═
2021-07-11 11:49:27,419 INFO     ___FILE_ONLY___ ═
2021-07-11 11:49:27,419 INFO     ___FILE_ONLY___ ═
2021-07-11 11:49:27,419 INFO     ___FILE_ONLY___ ═
2021-07-11 11:49:27,420 INFO     ___FILE_ONLY___ ═
2021-07-11 11:49:27,420 INFO     ___FILE_ONLY___ ═
2021-07-11 11:49:27,420 INFO     ___FILE_ONLY___ ═
2021-07-11 11:49:27,420 INFO     ___FILE_ONLY___ ═
2021-07-11 11:49:27,420 INFO     ___FILE_ONLY___ ═
2021-07-11 11:49:27,421 INFO     ___FILE_ONLY___ ═
2021-07-11 11:49:27,421 INFO     ___FILE_ONLY___ ═
2021-07-11 11:49:27,421 INFO     ___FILE_ONLY___ ═
2021-07-11 11:49:27,421 INFO     ___FILE_ONLY___ ═
2021-07-11 11:49:27,421 INFO     ___FILE_ONLY___ ═
2021-07-11 11:49:27,421 INFO     ___FILE_ONLY___ ═
2021-07-11 11:49:27,422 INFO     ___FILE_ONLY___ ═
2021-07-11 11:49:27,469 INFO     ___FILE_ONLY___ ═
2021-07-11 11:49:27,475 INFO     ___FILE_ONLY___ ═
2021-07-11 11:49:27,477 INFO     ___FILE_ONLY___ ═
2021-07-11 11:49:27,480 INFO     ___FILE_ONLY___ ═
2021-07-11 11:49:27,481 INFO     ___FILE_ONLY___ ═
2021-07-11 11:49:27,483 INFO     ___FILE_ONLY___ ═
2021-07-11 11:49:27,485 INFO     ___FILE_ONLY___ ═
2021-07-11 11:49:27,487 INFO     ___FILE_ONLY___ ═
2021-07-11 11:49:27,489 INFO     ___FILE_ONLY___ ═
2021-07-11 11:49:27,490 INFO     ___FILE_ONLY___ ═
2021-07-11 11:49:27,493 INFO     ___FILE_ONLY___ ═
2021-07-11 11:49:27,495 INFO     ___FILE_ONLY___ ═
2021-07-11 11:49:27,497 INFO     ___FILE_ONLY___ ═
2021-07-11 11:49:27,498 INFO     ___FILE_ONLY___ ═
2021-07-11 11:49:27,499 INFO     ___FILE_ONLY___ ═
2021-07-11 11:49:27,501 INFO     ___FILE_ONLY___ ═
2021-07-11 11:49:27,502 INFO     ___FILE_ONLY___ ═
2021-07-11 11:49:27,503 INFO     ___FILE_ONLY___ ═
2021-07-11 11:49:27,504 INFO     ___FILE_ONLY___ ═
2021-07-11 11:49:27,506 INFO     ___FILE_ONLY___ ═
2021-07-11 11:49:27,507 INFO     ___FILE_ONLY___ ═
2021-07-11 11:49:27,508 INFO     ___FILE_ONLY___ ═
2021-07-11 11:49:27,510 INFO     ___FILE_ONLY___ ═
2021-07-11 11:49:27,511 INFO     ___FILE_ONLY___ ═
2021-07-11 11:49:27,512 INFO     ___FILE_ONLY___ ═
2021-07-11 11:49:27,514 INFO     ___FILE_ONLY___ ═
2021-07-11 11:49:27,515 INFO     ___FILE_ONLY___ ═
2021-07-11 11:49:27,516 INFO     ___FILE_ONLY___ ═
2021-07-11 11:49:27,518 INFO     ___FILE_ONLY___ ═
2021-07-11 11:49:27,519 INFO     ___FILE_ONLY___ ═
2021-07-11 11:49:27,519 INFO     ___FILE_ONLY___ ╝

2021-07-11 11:49:27,523 INFO     ___FILE_ONLY___ ╔════════════════════════════════════════════════════════════╗

2021-07-11 11:49:27,523 INFO     ___FILE_ONLY___ ╠═ Installing: BigQuery Command Line Tool (Platform Spec... ═╣

2021-07-11 11:49:27,523 INFO     ___FILE_ONLY___ ╚
2021-07-11 11:49:27,524 DEBUG    urllib3.connectionpool Starting new HTTPS connection (1): dl.google.com:443
2021-07-11 11:49:27,966 DEBUG    urllib3.connectionpool https://dl.google.com:443 "GET /dl/cloudsdk/channels/rapid/components/google-cloud-sdk-bq-nix-20210618132905.tar.gz HTTP/1.1" 200 1964
2021-07-11 11:49:27,969 INFO     ___FILE_ONLY___ ══════════════════════════════
2021-07-11 11:49:27,971 INFO     ___FILE_ONLY___ ══════════════════════════════
2021-07-11 11:49:27,971 INFO     ___FILE_ONLY___ ╝

2021-07-11 11:49:27,981 INFO     ___FILE_ONLY___ ╔════════════════════════════════════════════════════════════╗

2021-07-11 11:49:27,981 INFO     ___FILE_ONLY___ ╠═ Installing: Cloud SDK Core Libraries (Platform Specific) ═╣

2021-07-11 11:49:27,981 INFO     ___FILE_ONLY___ ╚
2021-07-11 11:49:27,984 DEBUG    urllib3.connectionpool Starting new HTTPS connection (1): dl.google.com:443
2021-07-11 11:49:28,480 DEBUG    urllib3.connectionpool https://dl.google.com:443 "GET /dl/cloudsdk/channels/rapid/components/google-cloud-sdk-core-nix-20210618132905.tar.gz HTTP/1.1" 200 2341
2021-07-11 11:49:28,482 INFO     ___FILE_ONLY___ ══════════════════════════════
2021-07-11 11:49:28,484 INFO     ___FILE_ONLY___ ═══════════════
2021-07-11 11:49:28,485 INFO     ___FILE_ONLY___ ═══════════════
2021-07-11 11:49:28,485 INFO     ___FILE_ONLY___ ╝

2021-07-11 11:49:28,494 INFO     ___FILE_ONLY___ ╔════════════════════════════════════════════════════════════╗

2021-07-11 11:49:28,494 INFO     ___FILE_ONLY___ ╠═ Installing: Cloud Storage Command Line Tool              ═╣

2021-07-11 11:49:28,494 INFO     ___FILE_ONLY___ ╚
2021-07-11 11:49:28,497 DEBUG    urllib3.connectionpool Starting new HTTPS connection (1): dl.google.com:443
2021-07-11 11:49:28,782 DEBUG    urllib3.connectionpool https://dl.google.com:443 "GET /dl/cloudsdk/channels/rapid/components/google-cloud-sdk-gsutil-20210625183812.tar.gz HTTP/1.1" 200 4066693
2021-07-11 11:49:29,439 INFO     ___FILE_ONLY___ ═
2021-07-11 11:49:29,440 INFO     ___FILE_ONLY___ ═
2021-07-11 11:49:29,441 INFO     ___FILE_ONLY___ ═
2021-07-11 11:49:29,441 INFO     ___FILE_ONLY___ ═
2021-07-11 11:49:29,441 INFO     ___FILE_ONLY___ ═
2021-07-11 11:49:29,441 INFO     ___FILE_ONLY___ ═
2021-07-11 11:49:29,442 INFO     ___FILE_ONLY___ ═
2021-07-11 11:49:29,442 INFO     ___FILE_ONLY___ ═
2021-07-11 11:49:29,442 INFO     ___FILE_ONLY___ ═
2021-07-11 11:49:29,443 INFO     ___FILE_ONLY___ ═
2021-07-11 11:49:29,443 INFO     ___FILE_ONLY___ ═
2021-07-11 11:49:29,444 INFO     ___FILE_ONLY___ ═
2021-07-11 11:49:29,444 INFO     ___FILE_ONLY___ ═
2021-07-11 11:49:29,444 INFO     ___FILE_ONLY___ ═
2021-07-11 11:49:29,445 INFO     ___FILE_ONLY___ ═
2021-07-11 11:49:29,445 INFO     ___FILE_ONLY___ ═
2021-07-11 11:49:29,445 INFO     ___FILE_ONLY___ ═
2021-07-11 11:49:29,446 INFO     ___FILE_ONLY___ ═
2021-07-11 11:49:29,446 INFO     ___FILE_ONLY___ ═
2021-07-11 11:49:29,446 INFO     ___FILE_ONLY___ ═
2021-07-11 11:49:29,446 INFO     ___FILE_ONLY___ ═
2021-07-11 11:49:29,448 INFO     ___FILE_ONLY___ ═
2021-07-11 11:49:29,449 INFO     ___FILE_ONLY___ ═
2021-07-11 11:49:29,449 INFO     ___FILE_ONLY___ ═
2021-07-11 11:49:29,449 INFO     ___FILE_ONLY___ ═
2021-07-11 11:49:29,450 INFO     ___FILE_ONLY___ ═
2021-07-11 11:49:29,450 INFO     ___FILE_ONLY___ ═
2021-07-11 11:49:29,450 INFO     ___FILE_ONLY___ ═
2021-07-11 11:49:29,451 INFO     ___FILE_ONLY___ ═
2021-07-11 11:49:29,451 INFO     ___FILE_ONLY___ ═
2021-07-11 11:49:29,585 INFO     ___FILE_ONLY___ ═
2021-07-11 11:49:29,593 INFO     ___FILE_ONLY___ ═
2021-07-11 11:49:29,602 INFO     ___FILE_ONLY___ ═
2021-07-11 11:49:29,612 INFO     ___FILE_ONLY___ ═
2021-07-11 11:49:29,620 INFO     ___FILE_ONLY___ ═
2021-07-11 11:49:29,628 INFO     ___FILE_ONLY___ ═
2021-07-11 11:49:29,637 INFO     ___FILE_ONLY___ ═
2021-07-11 11:49:29,643 INFO     ___FILE_ONLY___ ═
2021-07-11 11:49:29,650 INFO     ___FILE_ONLY___ ═
2021-07-11 11:49:29,657 INFO     ___FILE_ONLY___ ═
2021-07-11 11:49:29,664 INFO     ___FILE_ONLY___ ═
2021-07-11 11:49:29,670 INFO     ___FILE_ONLY___ ═
2021-07-11 11:49:29,678 INFO     ___FILE_ONLY___ ═
2021-07-11 11:49:29,686 INFO     ___FILE_ONLY___ ═
2021-07-11 11:49:29,693 INFO     ___FILE_ONLY___ ═
2021-07-11 11:49:29,706 INFO     ___FILE_ONLY___ ═
2021-07-11 11:49:29,717 INFO     ___FILE_ONLY___ ═
2021-07-11 11:49:29,727 INFO     ___FILE_ONLY___ ═
2021-07-11 11:49:29,734 INFO     ___FILE_ONLY___ ═
2021-07-11 11:49:29,741 INFO     ___FILE_ONLY___ ═
2021-07-11 11:49:29,749 INFO     ___FILE_ONLY___ ═
2021-07-11 11:49:29,755 INFO     ___FILE_ONLY___ ═
2021-07-11 11:49:29,762 INFO     ___FILE_ONLY___ ═
2021-07-11 11:49:29,770 INFO     ___FILE_ONLY___ ═
2021-07-11 11:49:29,779 INFO     ___FILE_ONLY___ ═
2021-07-11 11:49:29,787 INFO     ___FILE_ONLY___ ═
2021-07-11 11:49:29,797 INFO     ___FILE_ONLY___ ═
2021-07-11 11:49:29,805 INFO     ___FILE_ONLY___ ═
2021-07-11 11:49:29,811 INFO     ___FILE_ONLY___ ═
2021-07-11 11:49:29,819 INFO     ___FILE_ONLY___ ═
2021-07-11 11:49:29,819 INFO     ___FILE_ONLY___ ╝

2021-07-11 11:49:29,833 INFO     ___FILE_ONLY___ ╔════════════════════════════════════════════════════════════╗

2021-07-11 11:49:29,833 INFO     ___FILE_ONLY___ ╠═ Installing: Cloud Storage Command Line Tool (Platform... ═╣

2021-07-11 11:49:29,833 INFO     ___FILE_ONLY___ ╚
2021-07-11 11:49:29,835 DEBUG    urllib3.connectionpool Starting new HTTPS connection (1): dl.google.com:443
2021-07-11 11:49:30,102 DEBUG    urllib3.connectionpool https://dl.google.com:443 "GET /dl/cloudsdk/channels/rapid/components/google-cloud-sdk-gsutil-nix-20210618132905.tar.gz HTTP/1.1" 200 1981
2021-07-11 11:49:30,104 INFO     ___FILE_ONLY___ ══════════════════════════════
2021-07-11 11:49:30,107 INFO     ___FILE_ONLY___ ══════════════════════════════
2021-07-11 11:49:30,107 INFO     ___FILE_ONLY___ ╝

2021-07-11 11:49:30,116 INFO     ___FILE_ONLY___ ╔════════════════════════════════════════════════════════════╗

2021-07-11 11:49:30,116 INFO     ___FILE_ONLY___ ╠═ Installing: Default set of gcloud commands               ═╣

2021-07-11 11:49:30,116 INFO     ___FILE_ONLY___ ╚
2021-07-11 11:49:30,120 INFO     ___FILE_ONLY___ ════════════════════════════════════════════════════════════
2021-07-11 11:49:30,120 INFO     ___FILE_ONLY___ ╝

2021-07-11 11:49:30,120 INFO     ___FILE_ONLY___ ╔════════════════════════════════════════════════════════════╗

2021-07-11 11:49:30,120 INFO     ___FILE_ONLY___ ╠═ Installing: anthoscli                                    ═╣

2021-07-11 11:49:30,120 INFO     ___FILE_ONLY___ ╚
2021-07-11 11:49:30,124 INFO     ___FILE_ONLY___ ════════════════════════════════════════════════════════════
2021-07-11 11:49:30,124 INFO     ___FILE_ONLY___ ╝

2021-07-11 11:49:30,124 INFO     ___FILE_ONLY___ ╔════════════════════════════════════════════════════════════╗

2021-07-11 11:49:30,124 INFO     ___FILE_ONLY___ ╠═ Installing: anthoscli                                    ═╣

2021-07-11 11:49:30,124 INFO     ___FILE_ONLY___ ╚
2021-07-11 11:49:30,127 DEBUG    urllib3.connectionpool Starting new HTTPS connection (1): dl.google.com:443
2021-07-11 11:49:30,629 DEBUG    urllib3.connectionpool https://dl.google.com:443 "GET /dl/cloudsdk/channels/rapid/components/google-cloud-sdk-anthoscli-darwin-arm-20210618132905.tar.gz HTTP/1.1" 200 49708983
2021-07-11 11:49:37,496 INFO     ___FILE_ONLY___ ═
2021-07-11 11:49:37,498 INFO     ___FILE_ONLY___ ═
2021-07-11 11:49:37,500 INFO     ___FILE_ONLY___ ═
2021-07-11 11:49:37,502 INFO     ___FILE_ONLY___ ═
2021-07-11 11:49:37,504 INFO     ___FILE_ONLY___ ═
2021-07-11 11:49:37,506 INFO     ___FILE_ONLY___ ═
2021-07-11 11:49:37,508 INFO     ___FILE_ONLY___ ═
2021-07-11 11:49:37,509 INFO     ___FILE_ONLY___ ═
2021-07-11 11:49:37,511 INFO     ___FILE_ONLY___ ═
2021-07-11 11:49:37,513 INFO     ___FILE_ONLY___ ═
2021-07-11 11:49:37,515 INFO     ___FILE_ONLY___ ═
2021-07-11 11:49:37,517 INFO     ___FILE_ONLY___ ═
2021-07-11 11:49:37,518 INFO     ___FILE_ONLY___ ═
2021-07-11 11:49:37,520 INFO     ___FILE_ONLY___ ═
2021-07-11 11:49:37,521 INFO     ___FILE_ONLY___ ═
2021-07-11 11:49:37,523 INFO     ___FILE_ONLY___ ═
2021-07-11 11:49:37,524 INFO     ___FILE_ONLY___ ═
2021-07-11 11:49:37,526 INFO     ___FILE_ONLY___ ═
2021-07-11 11:49:37,527 INFO     ___FILE_ONLY___ ═
2021-07-11 11:49:37,528 INFO     ___FILE_ONLY___ ═
2021-07-11 11:49:37,530 INFO     ___FILE_ONLY___ ═
2021-07-11 11:49:37,531 INFO     ___FILE_ONLY___ ═
2021-07-11 11:49:37,533 INFO     ___FILE_ONLY___ ═
2021-07-11 11:49:37,534 INFO     ___FILE_ONLY___ ═
2021-07-11 11:49:37,535 INFO     ___FILE_ONLY___ ═
2021-07-11 11:49:37,537 INFO     ___FILE_ONLY___ ═
2021-07-11 11:49:37,538 INFO     ___FILE_ONLY___ ═
2021-07-11 11:49:37,539 INFO     ___FILE_ONLY___ ═
2021-07-11 11:49:37,540 INFO     ___FILE_ONLY___ ═
2021-07-11 11:49:37,541 INFO     ___FILE_ONLY___ ═
2021-07-11 11:49:38,256 INFO     ___FILE_ONLY___ ══════════
2021-07-11 11:49:38,258 INFO     ___FILE_ONLY___ ═════════
2021-07-11 11:49:38,269 INFO     ___FILE_ONLY___ ═══════════
2021-07-11 11:49:38,269 INFO     ___FILE_ONLY___ ╝

2021-07-11 11:49:38,272 INFO     ___FILE_ONLY___ ╔════════════════════════════════════════════════════════════╗

2021-07-11 11:49:38,272 INFO     ___FILE_ONLY___ ╠═ Installing: gcloud cli dependencies                      ═╣

2021-07-11 11:49:38,272 INFO     ___FILE_ONLY___ ╚
2021-07-11 11:49:38,274 DEBUG    urllib3.connectionpool Starting new HTTPS connection (1): dl.google.com:443
2021-07-11 11:49:38,475 DEBUG    urllib3.connectionpool https://dl.google.com:443 "GET /dl/cloudsdk/channels/rapid/components/google-cloud-sdk-gcloud-deps-darwin-x86_64-20210416153011.tar.gz HTTP/1.1" 200 105
2021-07-11 11:49:38,477 INFO     ___FILE_ONLY___ ══════════════════════════════
2021-07-11 11:49:38,478 INFO     ___FILE_ONLY___ ══════════════════════════════
2021-07-11 11:49:38,478 INFO     ___FILE_ONLY___ ╝

2021-07-11 11:49:38,488 INFO     ___FILE_ONLY___ ╔════════════════════════════════════════════════════════════╗

2021-07-11 11:49:38,488 INFO     ___FILE_ONLY___ ╠═ Creating backup and activating new installation          ═╣

2021-07-11 11:49:38,488 INFO     ___FILE_ONLY___ ╚
2021-07-11 11:49:38,488 DEBUG    root            Attempting to move directory [/opt/homebrew/Caskroom/google-cloud-sdk/latest/google-cloud-sdk] to [/opt/homebrew/Caskroom/google-cloud-sdk/latest/google-cloud-sdk.staging/.install/.backup]
2021-07-11 11:49:38,489 INFO     ___FILE_ONLY___ ══════════════════════════════
2021-07-11 11:49:38,489 DEBUG    root            Attempting to move directory [/opt/homebrew/Caskroom/google-cloud-sdk/latest/google-cloud-sdk.staging] to [/opt/homebrew/Caskroom/google-cloud-sdk/latest/google-cloud-sdk]
2021-07-11 11:49:38,489 INFO     ___FILE_ONLY___ ══════════════════════════════
2021-07-11 11:49:38,489 INFO     ___FILE_ONLY___ ╝

2021-07-11 11:49:38,493 DEBUG    root            Updating notification cache...
2021-07-11 11:49:38,494 INFO     ___FILE_ONLY___ 

2021-07-11 11:49:38,494 INFO     ___FILE_ONLY___ Performing post processing steps...
2021-07-11 11:49:38,494 DEBUG    root            Executing command: ['/opt/homebrew/opt/python@3.9/bin/python3', '-S', '/opt/homebrew/Caskroom/google-cloud-sdk/latest/google-cloud-sdk/lib/gcloud.py', 'components', 'post-process']
2021-07-11 11:49:45,711 DEBUG    ___FILE_ONLY___ 
2021-07-11 11:49:45,712 DEBUG    ___FILE_ONLY___ 
2021-07-11 11:49:45,777 INFO     ___FILE_ONLY___ 
Update done!


2021-07-11 11:49:45,780 INFO     root            Display format: "none"
